<?xml version="1.0" encoding="UTF-8"?>
<!-- Generated by org.testng.reporters.JUnitXMLReporter -->
<testsuite hostname="LAPTOP-3D02B4U2" ignored="1" tests="1" failures="0" timestamp="2022-07-01T18:09:19 WAT" time="8.932" errors="0">
  <testcase name="verifyLanguageIsRussianAndConnection" time="4.258" classname="English"/>
  <testcase name="verifyLanguageIsEnglishAndConnection" time="0.0" classname="English">
    <ignored/>
  </testcase> <!-- verifyLanguageIsEnglishAndConnection -->
</testsuite>
