<?xml version="1.0" encoding="UTF-8"?>
<!-- Generated by org.testng.reporters.JUnitXMLReporter -->
<testsuite hostname="LAPTOP-3D02B4U2" ignored="0" tests="2" failures="1" timestamp="2022-07-01T17:32:40 WAT" time="6.142" errors="0">
  <testcase name="verifyThatUserCanUpdateSettings2" time="1.001" classname="Languages2"/>
  <testcase name="verifyThatUserCanUpdateSettings" time="1.125" classname="Languages">
    <failure type="java.lang.AssertionError" message="The following asserts failed:
	expected [400] but found [200]">
      <![CDATA[java.lang.AssertionError: The following asserts failed:
expected [400] but found [200]
at Languages.verifyThatUserCanUpdateSettings(Languages.java:36)
at java.util.concurrent.ThreadPoolExecutor.runWorker(ThreadPoolExecutor.java:1149)
at java.util.concurrent.ThreadPoolExecutor$Worker.run(ThreadPoolExecutor.java:624)
at java.lang.Thread.run(Thread.java:748)
... Removed 14 stack frames]]>
    </failure>
  </testcase> <!-- verifyThatUserCanUpdateSettings -->
</testsuite>
