<?xml version="1.0" encoding="UTF-8"?>
<!-- Generated by org.testng.reporters.JUnitXMLReporter -->
<testsuite ignored="0" hostname="HOCG-DGB-LT29" failures="0" tests="10" name="Languages Verification" time="21.056" errors="0" timestamp="2022-07-03T13:13:16 WAT">
  <testcase classname="VerifyLanguages" name="verifyLanguageIsChineseAndConnection" time="1.678"/>
  <testcase classname="VerifyLanguages" name="verifyLanguageIsDeutschAndConnection" time="1.347"/>
  <testcase classname="VerifyLanguages" name="verifyLanguageIsEnglishAndConnection" time="1.431"/>
  <testcase classname="VerifyLanguages" name="verifyLanguageIsFrenchAndConnection" time="1.328"/>
  <testcase classname="VerifyLanguages" name="verifyLanguageIsItalianAndConnection" time="1.337"/>
  <testcase classname="VerifyLanguages" name="verifyLanguageIsJapaneseAndConnection" time="1.216"/>
  <testcase classname="VerifyLanguages" name="verifyLanguageIsPolandAndConnection" time="1.192"/>
  <testcase classname="VerifyLanguages" name="verifyLanguageIsPortugalAndConnection" time="0.992"/>
  <testcase classname="VerifyLanguages" name="verifyLanguageIsRussianAndConnection" time="1.226"/>
  <testcase classname="VerifyLanguages" name="verifyLanguageIsSpanishAndConnection" time="1.125"/>
</testsuite> <!-- Languages Verification -->
